--- Copying files at Mon Sep 25 18:14:51 UTC 2023
INSTALLED plugins/authentication-tokens.jpi : 1.53.v1c90fd9191a_b_
INSTALLED plugins/jenkins-design-language.jpi : 1.27.7
INSTALLED plugins/snakeyaml-api.jpi : 2.2-111.vc6598e30cc65
INSTALLED plugins/git-client.jpi : 4.5.0
INSTALLED plugins/credentials-binding.jpi : 636.v55f1275c7b_27
INSTALLED plugins/credentials.jpi : 1271.v54b_1c2c6388a_
INSTALLED plugins/workflow-multibranch.jpi : 756.v891d88f2cd46
INSTALLED plugins/docker-commons.jpi : 439.va_3cb_0a_6a_fb_29
INSTALLED plugins/instance-identity.jpi : 173.va_37c494ec4e5
INSTALLED plugins/blueocean-bitbucket-pipeline.jpi : 1.27.7
INSTALLED plugins/pipeline-input-step.jpi : 477.v339683a_8d55e
INSTALLED plugins/blueocean-core-js.jpi : 1.27.7
INSTALLED plugins/pipeline-stage-step.jpi : 305.ve96d0205c1c6
INSTALLED plugins/workflow-support.jpi : 865.v43e78cc44e0d
INSTALLED plugins/mailer.jpi : 463.vedf8358e006b_
INSTALLED plugins/blueocean-commons.jpi : 1.27.7
INSTALLED plugins/ionicons-api.jpi : 56.v1b_1c8c49374e
INSTALLED plugins/bootstrap5-api.jpi : 5.3.2-1
INSTALLED plugins/commons-lang3-api.jpi : 3.13.0-62.v7d18e55f51e2
INSTALLED plugins/variant.jpi : 60.v7290fc0eb_b_cd
INSTALLED plugins/pipeline-build-step.jpi : 505.v5f0844d8d126
INSTALLED plugins/script-security.jpi : 1275.v23895f409fb_d
INSTALLED plugins/workflow-api.jpi : 1281.vca_5fddb_3fceb_
INSTALLED plugins/blueocean-i18n.jpi : 1.27.7
INSTALLED plugins/jaxb.jpi : 2.3.8-1
INSTALLED plugins/okhttp-api.jpi : 4.11.0-157.v6852a_a_fa_ec11
INSTALLED plugins/workflow-cps.jpi : 3791.va_c0338ea_b_59c
INSTALLED plugins/github.jpi : 1.37.3
INSTALLED plugins/handy-uri-templates-2-api.jpi : 2.1.8-22.v77d5b_75e6953
INSTALLED plugins/git.jpi : 5.2.0
INSTALLED plugins/pipeline-groovy-lib.jpi : 689.veec561a_dee13
INSTALLED plugins/jjwt-api.jpi : 0.11.5-77.v646c772fddb_0
INSTALLED plugins/display-url-api.jpi : 2.3.9
INSTALLED plugins/apache-httpcomponents-client-4-api.jpi : 4.5.14-208.v438351942757
INSTALLED plugins/blueocean.jpi : 1.27.7
INSTALLED plugins/ssh-credentials.jpi : 308.ve4497b_ccd8f4
INSTALLED plugins/docker-workflow.jpi : 572.v950f58993843
INSTALLED plugins/workflow-basic-steps.jpi : 1042.ve7b_140c4a_e0c
INSTALLED plugins/htmlpublisher.jpi : 1.32
INSTALLED plugins/caffeine-api.jpi : 3.1.8-133.v17b_1ff2e0599
INSTALLED plugins/matrix-project.jpi : 808.v5a_b_5f56d6966
INSTALLED plugins/echarts-api.jpi : 5.4.0-6
INSTALLED plugins/github-branch-source.jpi : 1741.va_3028eb_9fd21
INSTALLED plugins/sse-gateway.jpi : 1.26
INSTALLED plugins/jquery3-api.jpi : 3.7.1-1
INSTALLED plugins/blueocean-git-pipeline.jpi : 1.27.7
INSTALLED plugins/branch-api.jpi : 2.1128.v717130d4f816
INSTALLED plugins/plain-credentials.jpi : 143.v1b_df8b_d3b_e48
INSTALLED plugins/jakarta-mail-api.jpi : 2.0.1-3
INSTALLED plugins/blueocean-config.jpi : 1.27.7
INSTALLED plugins/plugin-util-api.jpi : 3.3.0
INSTALLED plugins/blueocean-jwt.jpi : 1.27.7
INSTALLED plugins/blueocean-rest.jpi : 1.27.7
INSTALLED plugins/mina-sshd-api-core.jpi : 2.10.0-69.v28e3e36d18eb_
INSTALLED plugins/blueocean-web.jpi : 1.27.7
INSTALLED plugins/blueocean-pipeline-editor.jpi : 1.27.7
INSTALLED plugins/cloudbees-bitbucket-branch-source.jpi : 843.vd09104df7988
INSTALLED plugins/workflow-step-api.jpi : 639.v6eca_cd8c04a_a_
INSTALLED plugins/checks-api.jpi : 2.0.2
INSTALLED plugins/github-api.jpi : 1.314-431.v78d72a_3fe4c3
INSTALLED plugins/pubsub-light.jpi : 1.17
INSTALLED plugins/favorite.jpi : 2.4.3
INSTALLED plugins/blueocean-dashboard.jpi : 1.27.7
INSTALLED plugins/mina-sshd-api-common.jpi : 2.10.0-69.v28e3e36d18eb_
INSTALLED plugins/pipeline-graph-analysis.jpi : 202.va_d268e64deb_3
INSTALLED plugins/workflow-job.jpi : 1346.v180a_63f40267
INSTALLED plugins/blueocean-github-pipeline.jpi : 1.27.7
INSTALLED plugins/junit.jpi : 1240.vf9529b_881428
INSTALLED plugins/workflow-durable-task-step.jpi : 1289.v4d3e7b_01546b_
INSTALLED plugins/font-awesome-api.jpi : 6.4.2-1
INSTALLED plugins/token-macro.jpi : 384.vf35b_f26814ec
INSTALLED plugins/jackson2-api.jpi : 2.15.2-350.v0c2f3f8fc595
INSTALLED plugins/bouncycastle-api.jpi : 2.29
INSTALLED plugins/structs.jpi : 325.vcb_307d2a_2782
INSTALLED plugins/commons-text-api.jpi : 1.10.0-78.v3e7b_ea_d5a_fe1
INSTALLED plugins/trilead-api.jpi : 2.84.v72119de229b_7
INSTALLED plugins/pipeline-stage-tags-metadata.jpi : 2.2144.v077a_d1928a_40
INSTALLED plugins/workflow-scm-step.jpi : 415.v434365564324
INSTALLED plugins/blueocean-pipeline-scm-api.jpi : 1.27.7
INSTALLED plugins/pipeline-model-api.jpi : 2.2144.v077a_d1928a_40
INSTALLED plugins/pipeline-milestone-step.jpi : 111.v449306f708b_7
INSTALLED plugins/scm-api.jpi : 676.v886669a_199a_a_
INSTALLED plugins/jakarta-activation-api.jpi : 2.0.1-3
INSTALLED plugins/blueocean-rest-impl.jpi : 1.27.7
INSTALLED plugins/blueocean-personalization.jpi : 1.27.7
INSTALLED plugins/blueocean-events.jpi : 1.27.7
INSTALLED plugins/blueocean-display-url.jpi : 2.4.2
INSTALLED plugins/blueocean-pipeline-api-impl.jpi : 1.27.7
INSTALLED plugins/javax-activation-api.jpi : 1.2.0-6
INSTALLED plugins/pipeline-model-extensions.jpi : 2.2144.v077a_d1928a_40
INSTALLED plugins/durable-task.jpi : 523.va_a_22cf15d5e0
INSTALLED plugins/pipeline-model-definition.jpi : 2.2144.v077a_d1928a_40
INSTALLED plugins/cloudbees-folder.jpi : 6.848.ve3b_fd7839a_81
--- Copying files at Mon Sep 25 18:47:49 UTC 2023
--- Copying files at Mon Sep 25 19:13:29 UTC 2023
--- Copying files at Mon Sep 25 19:14:28 UTC 2023
--- Copying files at Mon Sep 25 19:16:20 UTC 2023
--- Copying files at Mon Sep 25 19:23:23 UTC 2023
--- Copying files at Mon Sep 25 19:26:01 UTC 2023
--- Copying files at Mon Sep 25 19:27:44 UTC 2023
--- Copying files at Mon Sep 25 20:09:28 UTC 2023
